Using pre-set license
Built from '2022.3/staging' branch; Version is '2022.3.8f1 (b5eafc012955) revision 11922172'; Using compiler version '192829333'; Build Type 'Release'
OS: 'Windows 11  (10.0.22621) 64bit Professional' Language: 'ko' Physical Memory: 32609 MB
BatchMode: 1, IsHumanControllingUs: 0, StartBugReporterOnCrash: 0, Is64bit: 1, IsPro: 1

COMMAND LINE ARGUMENTS:
C:\Program Files\Unity\Hub\Editor\2022.3.8f1\Editor\Unity.exe
-adb2
-batchMode
-noUpm
-name
AssetImportWorker0
-projectPath
C:/Users/user/Documents/GitHub/UdemyWeek1-3/UnityChanPJ
-logFile
Logs/AssetImportWorker0.log
-srvPort
64194
Successfully changed project path to: C:/Users/user/Documents/GitHub/UdemyWeek1-3/UnityChanPJ
C:/Users/user/Documents/GitHub/UdemyWeek1-3/UnityChanPJ
[UnityMemory] Configuration Parameters - Can be set up in boot.config
    "memorysetup-bucket-allocator-granularity=16"
    "memorysetup-bucket-allocator-bucket-count=8"
    "memorysetup-bucket-allocator-block-size=33554432"
    "memorysetup-bucket-allocator-block-count=8"
    "memorysetup-main-allocator-block-size=16777216"
    "memorysetup-thread-allocator-block-size=16777216"
    "memorysetup-gfx-main-allocator-block-size=16777216"
    "memorysetup-gfx-thread-allocator-block-size=16777216"
    "memorysetup-cache-allocator-block-size=4194304"
    "memorysetup-typetree-allocator-block-size=2097152"
    "memorysetup-profiler-bucket-allocator-granularity=16"
    "memorysetup-profiler-bucket-allocator-bucket-count=8"
    "memorysetup-profiler-bucket-allocator-block-size=33554432"
    "memorysetup-profiler-bucket-allocator-block-count=8"
    "memorysetup-profiler-allocator-block-size=16777216"
    "memorysetup-profiler-editor-allocator-block-size=1048576"
    "memorysetup-temp-allocator-size-main=16777216"
    "memorysetup-job-temp-allocator-block-size=2097152"
    "memorysetup-job-temp-allocator-block-size-background=1048576"
    "memorysetup-job-temp-allocator-reduction-small-platforms=262144"
    "memorysetup-allocator-temp-initial-block-size-main=262144"
    "memorysetup-allocator-temp-initial-block-size-worker=262144"
    "memorysetup-temp-allocator-size-background-worker=32768"
    "memorysetup-temp-allocator-size-job-worker=262144"
    "memorysetup-temp-allocator-size-preload-manager=33554432"
    "memorysetup-temp-allocator-size-nav-mesh-worker=65536"
    "memorysetup-temp-allocator-size-audio-worker=65536"
    "memorysetup-temp-allocator-size-cloud-worker=32768"
    "memorysetup-temp-allocator-size-gi-baking-worker=262144"
    "memorysetup-temp-allocator-size-gfx=262144"
Player connection [28188] Host "[IP] 192.168.200.144 [Port] 0 [Flags] 2 [Guid] 2156638020 [EditorId] 2156638020 [Version] 1048832 [Id] WindowsEditor(7,DESKTOP-R1P8317) [Debug] 1 [PackageName] WindowsEditor [ProjectName] Editor" joined multi-casting on [225.0.0.222:54997]...

Player connection [28188] Host "[IP] 192.168.200.144 [Port] 0 [Flags] 2 [Guid] 2156638020 [EditorId] 2156638020 [Version] 1048832 [Id] WindowsEditor(7,DESKTOP-R1P8317) [Debug] 1 [PackageName] WindowsEditor [ProjectName] Editor" joined alternative multi-casting on [225.0.0.222:34997]...

[Physics::Module] Initialized MultithreadedJobDispatcher with 11 workers.
Refreshing native plugins compatible for Editor in 7.84 ms, found 3 plugins.
Preloading 0 native plugins for Editor in 0.00 ms.
Initialize engine version: 2022.3.8f1 (b5eafc012955)
[Subsystems] Discovering subsystems at path C:/Program Files/Unity/Hub/Editor/2022.3.8f1/Editor/Data/Resources/UnitySubsystems
[Subsystems] Discovering subsystems at path C:/Users/user/Documents/GitHub/UdemyWeek1-3/UnityChanPJ/Assets
GfxDevice: creating device client; threaded=0; jobified=0
Direct3D:
    Version:  Direct3D 11.0 [level 11.1]
    Renderer: NVIDIA GeForce RTX 3060 (ID=0x2504)
    Vendor:   NVIDIA
    VRAM:     12129 MB
    Driver:   31.0.15.2647
Initialize mono
Mono path[0] = 'C:/Program Files/Unity/Hub/Editor/2022.3.8f1/Editor/Data/Managed'
Mono path[1] = 'C:/Program Files/Unity/Hub/Editor/2022.3.8f1/Editor/Data/MonoBleedingEdge/lib/mono/unityjit-win32'
Mono config path = 'C:/Program Files/Unity/Hub/Editor/2022.3.8f1/Editor/Data/MonoBleedingEdge/etc'
Using monoOptions --debugger-agent=transport=dt_socket,embedding=1,server=y,suspend=n,address=127.0.0.1:56932
Begin MonoManager ReloadAssembly
Registering precompiled unity dll's ...
Register platform support module: C:/Program Files/Unity/Hub/Editor/2022.3.8f1/Editor/Data/PlaybackEngines/AndroidPlayer/UnityEditor.Android.Extensions.dll
Register platform support module: C:/Program Files/Unity/Hub/Editor/2022.3.8f1/Editor/Data/PlaybackEngines/iOSSupport/UnityEditor.iOS.Extensions.dll
Register platform support module: C:/Program Files/Unity/Hub/Editor/2022.3.8f1/Editor/Data/PlaybackEngines/WindowsStandaloneSupport/UnityEditor.WindowsStandalone.Extensions.dll
Registered in 0.010963 seconds.
- Loaded All Assemblies, in  0.327 seconds
Native extension for WindowsStandalone target not found
[usbmuxd] Start listen thread
[usbmuxd] Listen thread started
Native extension for iOS target not found
Native extension for Android target not found
Android Extension - Scanning For ADB Devices 256 ms
Mono: successfully reloaded assembly
- Finished resetting the current domain, in  0.543 seconds
Domain Reload Profiling: 869ms
	BeginReloadAssembly (106ms)
		ExecutionOrderSort (0ms)
		DisableScriptedObjects (0ms)
		BackupInstance (0ms)
		ReleaseScriptingObjects (0ms)
		CreateAndSetChildDomain (1ms)
	RebuildCommonClasses (30ms)
	RebuildNativeTypeToScriptingClass (8ms)
	initialDomainReloadingComplete (55ms)
	LoadAllAssembliesAndSetupDomain (126ms)
		LoadAssemblies (106ms)
		RebuildTransferFunctionScriptingTraits (0ms)
		AnalyzeDomain (123ms)
			TypeCache.Refresh (121ms)
				TypeCache.ScanAssembly (109ms)
			ScanForSourceGeneratedMonoScriptInfo (0ms)
			ResolveRequiredComponents (0ms)
	FinalizeReload (543ms)
		ReleaseScriptCaches (0ms)
		RebuildScriptCaches (0ms)
		SetupLoadedEditorAssemblies (492ms)
			LogAssemblyErrors (0ms)
			InitializePlatformSupportModulesInManaged (367ms)
			SetLoadedEditorAssemblies (3ms)
			RefreshPlugins (0ms)
			BeforeProcessingInitializeOnLoad (2ms)
			ProcessInitializeOnLoadAttributes (80ms)
			ProcessInitializeOnLoadMethodAttributes (40ms)
			AfterProcessingInitializeOnLoad (0ms)
			EditorAssembliesLoaded (0ms)
		ExecutionOrderSort2 (0ms)
		AwakeInstancesAfterBackupRestoration (0ms)
========================================================================
Worker process is ready to serve import requests
Begin MonoManager ReloadAssembly
- Loaded All Assemblies, in  0.629 seconds
Refreshing native plugins compatible for Editor in 4.72 ms, found 3 plugins.
Native extension for WindowsStandalone target not found
Native extension for iOS target not found
Native extension for Android target not found
Package Manager log level set to [2]
[Package Manager] Server::EnsureServerProcessIsRunning -- launch failed, reason: Unity was launched with the -noUpm command-line argument
[Package Manager] UpmClient::Send -- Unable to send message (not connected to UPM process).
[Package Manager] Cannot connect to Unity Package Manager local server
Mono: successfully reloaded assembly
- Finished resetting the current domain, in  0.465 seconds
Domain Reload Profiling: 1090ms
	BeginReloadAssembly (145ms)
		ExecutionOrderSort (0ms)
		DisableScriptedObjects (4ms)
		BackupInstance (0ms)
		ReleaseScriptingObjects (0ms)
		CreateAndSetChildDomain (18ms)
	RebuildCommonClasses (29ms)
	RebuildNativeTypeToScriptingClass (10ms)
	initialDomainReloadingComplete (36ms)
	LoadAllAssembliesAndSetupDomain (405ms)
		LoadAssemblies (324ms)
		RebuildTransferFunctionScriptingTraits (0ms)
		AnalyzeDomain (172ms)
			TypeCache.Refresh (153ms)
				TypeCache.ScanAssembly (137ms)
			ScanForSourceGeneratedMonoScriptInfo (15ms)
			ResolveRequiredComponents (3ms)
	FinalizeReload (465ms)
		ReleaseScriptCaches (0ms)
		RebuildScriptCaches (0ms)
		SetupLoadedEditorAssemblies (337ms)
			LogAssemblyErrors (0ms)
			InitializePlatformSupportModulesInManaged (31ms)
			SetLoadedEditorAssemblies (2ms)
			RefreshPlugins (0ms)
			BeforeProcessingInitializeOnLoad (56ms)
			ProcessInitializeOnLoadAttributes (226ms)
			ProcessInitializeOnLoadMethodAttributes (16ms)
			AfterProcessingInitializeOnLoad (7ms)
			EditorAssembliesLoaded (0ms)
		ExecutionOrderSort2 (0ms)
		AwakeInstancesAfterBackupRestoration (6ms)
Launched and connected shader compiler UnityShaderCompiler.exe after 0.05 seconds
Refreshing native plugins compatible for Editor in 3.30 ms, found 3 plugins.
Preloading 0 native plugins for Editor in 0.00 ms.
Unloading 3083 Unused Serialized files (Serialized files now loaded: 0)
Unloading 31 unused Assets / (56.4 KB). Loaded Objects now: 3548.
Memory consumption went from 119.6 MB to 119.5 MB.
Total: 2.758900 ms (FindLiveObjects: 0.171200 ms CreateObjectMapping: 0.086400 ms MarkObjects: 2.412200 ms  DeleteObjects: 0.087800 ms)

AssetImportParameters requested are different than current active one (requested -> active):
  custom:container-demuxer-ogg: 62fdf1f143b41e24485cea50d1cbac27 -> 
  custom:video-decoder-ogg-theora: a1e56fd34408186e4bbccfd4996cb3dc -> 
  custom:framework-win-MediaFoundation: 216162199b28c13a410421893ffa2e32 -> 
  custom:CustomObjectIndexerAttribute: 756ad292c208cfabdd7b50bc23989ffe -> 
  custom:container-demuxer-webm: 4f35f7cbe854078d1ac9338744f61a02 -> 
  custom:container-muxer-webm: aa71ff27fc2769a1b78a27578f13a17b -> 
  custom:video-decoder-webm-vp8: 9c59270c3fd7afecdb556c50c9e8de78 -> 
  custom:SearchIndexIgnoredProperties: e643bd26f0fe6173181afceb89e7c659 -> 
  custom:AudioImporter_EditorPlatform: d09bf68614088b80899f8185d706f6e7 -> 
  custom:video-encoder-webm-vp8: eb34c28f22e8b96e1ab97ce403110664 -> 
  custom:audio-decoder-ogg-vorbis: bf7c407c2cedff20999df2af8eb42d56 -> 
  custom:audio-encoder-webm-vorbis: bf7c407c2cedff20999df2af8eb42d56 -> 
========================================================================
Received Import Request.
  Time since last request: 133126.097344 seconds.
  path: Assets/UnityChan/FaceAnimation/face only mask.mask
  artifactKey: Guid(c6893d99d338240cd834967aa6448379) Importer(815301076,1909f56bfc062723c751e8b465ee728b)
Start importing Assets/UnityChan/FaceAnimation/face only mask.mask using Guid(c6893d99d338240cd834967aa6448379) Importer(815301076,1909f56bfc062723c751e8b465ee728b)  -> (artifact id: 'e9ee14d39d1ee4f6eedb9f3772c81140') in 0.010580 seconds
Number of updated asset objects reloaded before import = 0
Number of asset objects unloaded after import = 1
========================================================================
Received Import Request.
  Time since last request: 111.427604 seconds.
  path: Assets/UnityChan/Prefabs/BoxUnityChan.prefab
  artifactKey: Guid(6788413dff62c534d8ca610faef3c7a2) Importer(815301076,1909f56bfc062723c751e8b465ee728b)
Start importing Assets/UnityChan/Prefabs/BoxUnityChan.prefab using Guid(6788413dff62c534d8ca610faef3c7a2) Importer(815301076,1909f56bfc062723c751e8b465ee728b)  -> (artifact id: '224379bb2e30b9f4a40752194a2f53ed') in 0.281009 seconds
Number of updated asset objects reloaded before import = 0
Number of asset objects unloaded after import = 455
========================================================================
Received Import Request.
  Time since last request: 0.000021 seconds.
  path: Assets/UnityChan/Prefabs/Locator_IKtarget.prefab
  artifactKey: Guid(88eeda7d3a9f2492da9213d1c1ab46d0) Importer(815301076,1909f56bfc062723c751e8b465ee728b)
Start importing Assets/UnityChan/Prefabs/Locator_IKtarget.prefab using Guid(88eeda7d3a9f2492da9213d1c1ab46d0) Importer(815301076,1909f56bfc062723c751e8b465ee728b)  -> (artifact id: '9157909daf538faf2a312a1a1336ea6a') in 0.116996 seconds
Number of updated asset objects reloaded before import = 0
Number of asset objects unloaded after import = 9
========================================================================
Received Import Request.
  Time since last request: 146.373631 seconds.
  path: Assets/UnityChan/Voice/univ0002.wav
  artifactKey: Guid(6ccbc3d284bd849d49fb1f8f94ab2888) Importer(815301076,1909f56bfc062723c751e8b465ee728b)
Start importing Assets/UnityChan/Voice/univ0002.wav using Guid(6ccbc3d284bd849d49fb1f8f94ab2888) Importer(815301076,1909f56bfc062723c751e8b465ee728b)  -> (artifact id: 'ad27ba2404cdc8605aafe4f9756307b2') in 0.034544 seconds
Number of updated asset objects reloaded before import = 0
Number of asset objects unloaded after import = 2
========================================================================
Received Import Request.
  Time since last request: 0.000023 seconds.
  path: Assets/UnityChan/Voice/univ0007.wav
  artifactKey: Guid(d721cf72523c74b5b937bd0a354fdd40) Importer(815301076,1909f56bfc062723c751e8b465ee728b)
Start importing Assets/UnityChan/Voice/univ0007.wav using Guid(d721cf72523c74b5b937bd0a354fdd40) Importer(815301076,1909f56bfc062723c751e8b465ee728b)  -> (artifact id: '588bfd85f3b05967f30d6b9207b1d315') in 0.011489 seconds
Number of updated asset objects reloaded before import = 0
Number of asset objects unloaded after import = 2
========================================================================
Received Import Request.
  Time since last request: 0.000015 seconds.
  path: Assets/UnityChan/Voice/univ0021.wav
  artifactKey: Guid(b5b28ddf9a8dd4df9af0857e990f03d9) Importer(815301076,1909f56bfc062723c751e8b465ee728b)
Start importing Assets/UnityChan/Voice/univ0021.wav using Guid(b5b28ddf9a8dd4df9af0857e990f03d9) Importer(815301076,1909f56bfc062723c751e8b465ee728b)  -> (artifact id: '832d26831f9907d21107bd03845176a6') in 0.012196 seconds
Number of updated asset objects reloaded before import = 0
Number of asset objects unloaded after import = 2
========================================================================
Received Import Request.
  Time since last request: 0.000041 seconds.
  path: Assets/UnityChan/Voice/univ0032.wav
  artifactKey: Guid(a27654062ee304795b0e41c64dae6685) Importer(815301076,1909f56bfc062723c751e8b465ee728b)
Start importing Assets/UnityChan/Voice/univ0032.wav using Guid(a27654062ee304795b0e41c64dae6685) Importer(815301076,1909f56bfc062723c751e8b465ee728b)  -> (artifact id: 'b8fdcd3d08f94d6a5c23cc0c00daa7fc') in 0.009575 seconds
Number of updated asset objects reloaded before import = 0
Number of asset objects unloaded after import = 2
========================================================================
Received Import Request.
  Time since last request: 0.000014 seconds.
  path: Assets/UnityChan/Voice/univ0030.wav
  artifactKey: Guid(5f1962b28971041f3b08aa2185cca6ae) Importer(815301076,1909f56bfc062723c751e8b465ee728b)
Start importing Assets/UnityChan/Voice/univ0030.wav using Guid(5f1962b28971041f3b08aa2185cca6ae) Importer(815301076,1909f56bfc062723c751e8b465ee728b)  -> (artifact id: 'b756e4fe4430b56f92cd8e29165e01e7') in 0.009968 seconds
Number of updated asset objects reloaded before import = 0
Number of asset objects unloaded after import = 2
========================================================================
Received Import Request.
  Time since last request: 0.000014 seconds.
  path: Assets/UnityChan/Voice/univ0020.wav
  artifactKey: Guid(58be6e1f7db214607a51dc56cff4ee13) Importer(815301076,1909f56bfc062723c751e8b465ee728b)
Start importing Assets/UnityChan/Voice/univ0020.wav using Guid(58be6e1f7db214607a51dc56cff4ee13) Importer(815301076,1909f56bfc062723c751e8b465ee728b)  -> (artifact id: '3804c333006d9497b433cb84baa76eed') in 0.012306 seconds
Number of updated asset objects reloaded before import = 0
Number of asset objects unloaded after import = 2
========================================================================
Received Import Request.
  Time since last request: 0.000013 seconds.
  path: Assets/UnityChan/Voice/univ0012.wav
  artifactKey: Guid(78dfa7e84d21b4adab175b30eb01eacc) Importer(815301076,1909f56bfc062723c751e8b465ee728b)
Start importing Assets/UnityChan/Voice/univ0012.wav using Guid(78dfa7e84d21b4adab175b30eb01eacc) Importer(815301076,1909f56bfc062723c751e8b465ee728b)  -> (artifact id: '8ae49c94ebf307ca08a1ddaa6ffcf8ec') in 0.009199 seconds
Number of updated asset objects reloaded before import = 0
Number of asset objects unloaded after import = 2
========================================================================
Received Import Request.
  Time since last request: 0.000013 seconds.
  path: Assets/UnityChan/Voice/univ0029.wav
  artifactKey: Guid(9de474df5f96b4d6eb94dcb64eedc2a2) Importer(815301076,1909f56bfc062723c751e8b465ee728b)
Start importing Assets/UnityChan/Voice/univ0029.wav using Guid(9de474df5f96b4d6eb94dcb64eedc2a2) Importer(815301076,1909f56bfc062723c751e8b465ee728b)  -> (artifact id: 'fd2b03ae1cce6bf4bb27b84e0648b42a') in 0.009731 seconds
Number of updated asset objects reloaded before import = 0
Number of asset objects unloaded after import = 2
========================================================================
Received Import Request.
  Time since last request: 0.000014 seconds.
  path: Assets/UnityChan/Voice/univ0025.wav
  artifactKey: Guid(f05a93713ec534906b4250f349840580) Importer(815301076,1909f56bfc062723c751e8b465ee728b)
Start importing Assets/UnityChan/Voice/univ0025.wav using Guid(f05a93713ec534906b4250f349840580) Importer(815301076,1909f56bfc062723c751e8b465ee728b)  -> (artifact id: 'ed1b712a09df6b4f2de1bea3791cc7a8') in 0.009245 seconds
Number of updated asset objects reloaded before import = 0
Number of asset objects unloaded after import = 2
========================================================================
Received Import Request.
  Time since last request: 0.000017 seconds.
  path: Assets/UnityChan/Voice/univ0014.wav
  artifactKey: Guid(a96205706bbde4a2cb843c257f0a114a) Importer(815301076,1909f56bfc062723c751e8b465ee728b)
Start importing Assets/UnityChan/Voice/univ0014.wav using Guid(a96205706bbde4a2cb843c257f0a114a) Importer(815301076,1909f56bfc062723c751e8b465ee728b)  -> (artifact id: 'b8197d553b7b94babe0a589d936037e1') in 0.009471 seconds
Number of updated asset objects reloaded before import = 0
Number of asset objects unloaded after import = 2
========================================================================
Received Import Request.
  Time since last request: 0.000016 seconds.
  path: Assets/UnityChan/Voice/univ0027.wav
  artifactKey: Guid(39c15a2c77273494b9b02b228371d87b) Importer(815301076,1909f56bfc062723c751e8b465ee728b)
Start importing Assets/UnityChan/Voice/univ0027.wav using Guid(39c15a2c77273494b9b02b228371d87b) Importer(815301076,1909f56bfc062723c751e8b465ee728b)  -> (artifact id: 'd06833d618179de80c06023100b0f075') in 0.009268 seconds
Number of updated asset objects reloaded before import = 0
Number of asset objects unloaded after import = 2
========================================================================
Received Import Request.
  Time since last request: 0.000028 seconds.
  path: Assets/UnityChan/Voice/univ0003.wav
  artifactKey: Guid(d42eccd24e0ee4aef80df9398ec0747c) Importer(815301076,1909f56bfc062723c751e8b465ee728b)
Start importing Assets/UnityChan/Voice/univ0003.wav using Guid(d42eccd24e0ee4aef80df9398ec0747c) Importer(815301076,1909f56bfc062723c751e8b465ee728b)  -> (artifact id: '4163b96e01b37fa0d608ce7b0fe90c25') in 0.009135 seconds
Number of updated asset objects reloaded before import = 0
Number of asset objects unloaded after import = 2
========================================================================
Received Import Request.
  Time since last request: 0.000014 seconds.
  path: Assets/UnityChan/Voice/univ0011.wav
  artifactKey: Guid(874dc2aadd4204ec1987fcd17f8d7fb8) Importer(815301076,1909f56bfc062723c751e8b465ee728b)
Start importing Assets/UnityChan/Voice/univ0011.wav using Guid(874dc2aadd4204ec1987fcd17f8d7fb8) Importer(815301076,1909f56bfc062723c751e8b465ee728b)  -> (artifact id: '1ee14b6efc6cbe123262fcb6cdbdccf9') in 0.009570 seconds
Number of updated asset objects reloaded before import = 0
Number of asset objects unloaded after import = 2
========================================================================
Received Import Request.
  Time since last request: 0.000016 seconds.
  path: Assets/UnityChan/Voice/univ0034.wav
  artifactKey: Guid(c035a7f37428c489999077c2be83e594) Importer(815301076,1909f56bfc062723c751e8b465ee728b)
Start importing Assets/UnityChan/Voice/univ0034.wav using Guid(c035a7f37428c489999077c2be83e594) Importer(815301076,1909f56bfc062723c751e8b465ee728b)  -> (artifact id: '5cad76406143748cace7d1dd7c8ed03d') in 0.009824 seconds
Number of updated asset objects reloaded before import = 0
Number of asset objects unloaded after import = 2
========================================================================
Received Import Request.
  Time since last request: 0.000019 seconds.
  path: Assets/UnityChan/Voice/univ0031.wav
  artifactKey: Guid(c5e4846ae1d7e4595bd81cfb31f819a2) Importer(815301076,1909f56bfc062723c751e8b465ee728b)
Start importing Assets/UnityChan/Voice/univ0031.wav using Guid(c5e4846ae1d7e4595bd81cfb31f819a2) Importer(815301076,1909f56bfc062723c751e8b465ee728b)  -> (artifact id: 'f0c19b6517b62b13441051e56a275c69') in 0.009183 seconds
Number of updated asset objects reloaded before import = 0
Number of asset objects unloaded after import = 2
========================================================================
Received Import Request.
  Time since last request: 0.000018 seconds.
  path: Assets/UnityChan/Voice/univ0004.wav
  artifactKey: Guid(adf7488d7a7d741409ceb3f11b90852b) Importer(815301076,1909f56bfc062723c751e8b465ee728b)
Start importing Assets/UnityChan/Voice/univ0004.wav using Guid(adf7488d7a7d741409ceb3f11b90852b) Importer(815301076,1909f56bfc062723c751e8b465ee728b)  -> (artifact id: '449e5e184b6fd1e1b6f74518e13cfee1') in 0.010070 seconds
Number of updated asset objects reloaded before import = 0
Number of asset objects unloaded after import = 2
========================================================================
Received Import Request.
  Time since last request: 0.000013 seconds.
  path: Assets/UnityChan/Voice/univ0005.wav
  artifactKey: Guid(687990b2a12cc4b6db34fdeceb9b8636) Importer(815301076,1909f56bfc062723c751e8b465ee728b)
Start importing Assets/UnityChan/Voice/univ0005.wav using Guid(687990b2a12cc4b6db34fdeceb9b8636) Importer(815301076,1909f56bfc062723c751e8b465ee728b)  -> (artifact id: 'f2b4477dcfdfd121ed0ba4dbfc29ab8d') in 0.009303 seconds
Number of updated asset objects reloaded before import = 0
Number of asset objects unloaded after import = 2
========================================================================
Received Import Request.
  Time since last request: 0.000014 seconds.
  path: Assets/UnityChan/Voice/univ0017.wav
  artifactKey: Guid(38086510adb034e45ac30ca6ed62e49a) Importer(815301076,1909f56bfc062723c751e8b465ee728b)
Start importing Assets/UnityChan/Voice/univ0017.wav using Guid(38086510adb034e45ac30ca6ed62e49a) Importer(815301076,1909f56bfc062723c751e8b465ee728b)  -> (artifact id: '0abfbdc1595a890507c2bae35668b34a') in 0.009497 seconds
Number of updated asset objects reloaded before import = 0
Number of asset objects unloaded after import = 2
========================================================================
Received Import Request.
  Time since last request: 0.000018 seconds.
  path: Assets/UnityChan/Voice/univ0033.wav
  artifactKey: Guid(bc29fe568d3ee4edd8259a80f3b64d26) Importer(815301076,1909f56bfc062723c751e8b465ee728b)
Start importing Assets/UnityChan/Voice/univ0033.wav using Guid(bc29fe568d3ee4edd8259a80f3b64d26) Importer(815301076,1909f56bfc062723c751e8b465ee728b)  -> (artifact id: 'c1a32bda5afdef817fcb6e98a5d211b5') in 0.009123 seconds
Number of updated asset objects reloaded before import = 0
Number of asset objects unloaded after import = 2
========================================================================
Received Import Request.
  Time since last request: 1.018526 seconds.
  path: Assets/UnityChan/Voice/univ0037.wav
  artifactKey: Guid(5545b4aa0573e4c96b26e3b6d6514d5f) Importer(815301076,1909f56bfc062723c751e8b465ee728b)
Start importing Assets/UnityChan/Voice/univ0037.wav using Guid(5545b4aa0573e4c96b26e3b6d6514d5f) Importer(815301076,1909f56bfc062723c751e8b465ee728b)  -> (artifact id: 'cb771c0a36459cb525e498394d913508') in 0.010095 seconds
Number of updated asset objects reloaded before import = 0
Number of asset objects unloaded after import = 2
========================================================================
Received Import Request.
  Time since last request: 0.000013 seconds.
  path: Assets/UnityChan/Voice/univ0039.wav
  artifactKey: Guid(5ca3d77953c5c40fdbd17d625c78ff78) Importer(815301076,1909f56bfc062723c751e8b465ee728b)
Start importing Assets/UnityChan/Voice/univ0039.wav using Guid(5ca3d77953c5c40fdbd17d625c78ff78) Importer(815301076,1909f56bfc062723c751e8b465ee728b)  -> (artifact id: '48dc54fd51379d012c0b8b610fa5e266') in 0.009647 seconds
Number of updated asset objects reloaded before import = 0
Number of asset objects unloaded after import = 2
========================================================================
Received Import Request.
  Time since last request: 0.000016 seconds.
  path: Assets/UnityChan/Voice/univ0041.wav
  artifactKey: Guid(ee51d876c275d4d60bded73b21ff3922) Importer(815301076,1909f56bfc062723c751e8b465ee728b)
Start importing Assets/UnityChan/Voice/univ0041.wav using Guid(ee51d876c275d4d60bded73b21ff3922) Importer(815301076,1909f56bfc062723c751e8b465ee728b)  -> (artifact id: '316bdc9c80c75c077287978e08146c5a') in 0.012351 seconds
Number of updated asset objects reloaded before import = 0
Number of asset objects unloaded after import = 2
========================================================================
Received Import Request.
  Time since last request: 0.032035 seconds.
  path: Assets/UnityChan/Voice/univ0044.wav
  artifactKey: Guid(5297c4429458147f49a8ba7d78e184c9) Importer(815301076,1909f56bfc062723c751e8b465ee728b)
Start importing Assets/UnityChan/Voice/univ0044.wav using Guid(5297c4429458147f49a8ba7d78e184c9) Importer(815301076,1909f56bfc062723c751e8b465ee728b)  -> (artifact id: '0998b55e62c28b98c980fc669d2449f7') in 0.010136 seconds
Number of updated asset objects reloaded before import = 0
Number of asset objects unloaded after import = 2
========================================================================
Received Import Request.
  Time since last request: 0.000017 seconds.
  path: Assets/UnityChan/Voice/univ0045.wav
  artifactKey: Guid(1fe7fa3363d614a7196e93a1be83856d) Importer(815301076,1909f56bfc062723c751e8b465ee728b)
Start importing Assets/UnityChan/Voice/univ0045.wav using Guid(1fe7fa3363d614a7196e93a1be83856d) Importer(815301076,1909f56bfc062723c751e8b465ee728b)  -> (artifact id: '5f7f7d959ff7f5bf64ea68fd1caf3e09') in 0.010679 seconds
Number of updated asset objects reloaded before import = 0
Number of asset objects unloaded after import = 2
========================================================================
Received Import Request.
  Time since last request: 0.000020 seconds.
  path: Assets/UnityChan/Voice/univ1002.wav
  artifactKey: Guid(6acd235d764674b5b8a9c9be2c95e819) Importer(815301076,1909f56bfc062723c751e8b465ee728b)
Start importing Assets/UnityChan/Voice/univ1002.wav using Guid(6acd235d764674b5b8a9c9be2c95e819) Importer(815301076,1909f56bfc062723c751e8b465ee728b)  -> (artifact id: '5ee646ca4989f4a34f498c92354a5e8a') in 0.011206 seconds
Number of updated asset objects reloaded before import = 0
Number of asset objects unloaded after import = 2
========================================================================
Received Import Request.
  Time since last request: 30.266937 seconds.
  path: Assets/UnityChan/Voice/univ1005.wav
  artifactKey: Guid(490eecf3cd0714f8da701bc8b61f92e8) Importer(815301076,1909f56bfc062723c751e8b465ee728b)
Start importing Assets/UnityChan/Voice/univ1005.wav using Guid(490eecf3cd0714f8da701bc8b61f92e8) Importer(815301076,1909f56bfc062723c751e8b465ee728b)  -> (artifact id: '95bbca4cbb22dc436d53cf833c288f16') in 0.023090 seconds
Number of updated asset objects reloaded before import = 0
Number of asset objects unloaded after import = 2
========================================================================
Received Import Request.
  Time since last request: 0.000021 seconds.
  path: Assets/UnityChan/Voice/univ1010.wav
  artifactKey: Guid(c6bda23e943374eb69513f998c1007dc) Importer(815301076,1909f56bfc062723c751e8b465ee728b)
Start importing Assets/UnityChan/Voice/univ1010.wav using Guid(c6bda23e943374eb69513f998c1007dc) Importer(815301076,1909f56bfc062723c751e8b465ee728b)  -> (artifact id: '877d1dead9745e9e59e5eb0270d8f1a4') in 0.010882 seconds
Number of updated asset objects reloaded before import = 0
Number of asset objects unloaded after import = 2
========================================================================
Received Import Request.
  Time since last request: 0.000025 seconds.
  path: Assets/UnityChan/Voice/univ1009.wav
  artifactKey: Guid(95fd24e8209c14421bb395be7fd2b940) Importer(815301076,1909f56bfc062723c751e8b465ee728b)
Start importing Assets/UnityChan/Voice/univ1009.wav using Guid(95fd24e8209c14421bb395be7fd2b940) Importer(815301076,1909f56bfc062723c751e8b465ee728b)  -> (artifact id: 'ef62691a9a92abb230368e034a3df627') in 0.010763 seconds
Number of updated asset objects reloaded before import = 0
Number of asset objects unloaded after import = 2
========================================================================
Received Import Request.
  Time since last request: 158.161277 seconds.
  path: Assets/UnityChan/Models/BoxUnityChan.fbx
  artifactKey: Guid(d6dad0fb52ba12f458cc7ffb66882391) Importer(815301076,1909f56bfc062723c751e8b465ee728b)
Start importing Assets/UnityChan/Models/BoxUnityChan.fbx using Guid(d6dad0fb52ba12f458cc7ffb66882391) Importer(815301076,1909f56bfc062723c751e8b465ee728b)  -> (artifact id: '7ca3638614d8fca2e6c5cbc21650a36b') in 0.140713 seconds
Number of updated asset objects reloaded before import = 0
Number of asset objects unloaded after import = 455
========================================================================
Received Import Request.
  Time since last request: 22.100345 seconds.
  path: Assets/UnityChan/Animations/unitychan_ARpose1.fbx
  artifactKey: Guid(e8397bfde2758f942a04edaaf7ad57ec) Importer(815301076,1909f56bfc062723c751e8b465ee728b)
Start importing Assets/UnityChan/Animations/unitychan_ARpose1.fbx using Guid(e8397bfde2758f942a04edaaf7ad57ec) Importer(815301076,1909f56bfc062723c751e8b465ee728b)  -> (artifact id: '1ebb7589274c3c87b1eec5b987da9c67') in 0.017695 seconds
Number of updated asset objects reloaded before import = 0
Number of asset objects unloaded after import = 300
========================================================================
Received Import Request.
  Time since last request: 0.000019 seconds.
  path: Assets/UnityChan/Animations/unitychan_JUMP01.fbx
  artifactKey: Guid(87486f7b16eedbf4eb26567d70189058) Importer(815301076,1909f56bfc062723c751e8b465ee728b)
Start importing Assets/UnityChan/Animations/unitychan_JUMP01.fbx using Guid(87486f7b16eedbf4eb26567d70189058) Importer(815301076,1909f56bfc062723c751e8b465ee728b)  -> (artifact id: 'b8b7042c17c36d7f3b3ce76164bcbaff') in 0.159410 seconds
Number of updated asset objects reloaded before import = 0
Number of asset objects unloaded after import = 325
========================================================================
Received Import Request.
  Time since last request: 0.000017 seconds.
  path: Assets/UnityChan/Animations/unitychan_WALK00_B.fbx
  artifactKey: Guid(20fd7934e77f68e4983c9c0fe97c7117) Importer(815301076,1909f56bfc062723c751e8b465ee728b)
Start importing Assets/UnityChan/Animations/unitychan_WALK00_B.fbx using Guid(20fd7934e77f68e4983c9c0fe97c7117) Importer(815301076,1909f56bfc062723c751e8b465ee728b)  -> (artifact id: 'de7a6bb8a813537d32269181b4e83b84') in 0.074990 seconds
Number of updated asset objects reloaded before import = 0
Number of asset objects unloaded after import = 325
========================================================================
Received Import Request.
  Time since last request: 0.000027 seconds.
  path: Assets/UnityChan/Animations/unitychan_HANDUP00_R.fbx
  artifactKey: Guid(84ce5ea31570e6b4ca2949b8fe13ee42) Importer(815301076,1909f56bfc062723c751e8b465ee728b)
Start importing Assets/UnityChan/Animations/unitychan_HANDUP00_R.fbx using Guid(84ce5ea31570e6b4ca2949b8fe13ee42) Importer(815301076,1909f56bfc062723c751e8b465ee728b)  -> (artifact id: '8b277094e0858c6240a0599201edc57f') in 0.063434 seconds
Number of updated asset objects reloaded before import = 0
Number of asset objects unloaded after import = 325
========================================================================
Received Import Request.
  Time since last request: 0.000018 seconds.
  path: Assets/UnityChan/Animations/unitychan_WIN00.fbx
  artifactKey: Guid(e2538d48c03da46a8b0c3b59d39a4cab) Importer(815301076,1909f56bfc062723c751e8b465ee728b)
Start importing Assets/UnityChan/Animations/unitychan_WIN00.fbx using Guid(e2538d48c03da46a8b0c3b59d39a4cab) Importer(815301076,1909f56bfc062723c751e8b465ee728b)  -> (artifact id: '9c4b71f1da07ed9f9c518f84c12b8b08') in 0.056351 seconds
Number of updated asset objects reloaded before import = 0
Number of asset objects unloaded after import = 325
========================================================================
Received Import Request.
  Time since last request: 0.000016 seconds.
  path: Assets/UnityChan/Animations/unitychan_WAIT03.fbx
  artifactKey: Guid(f98ead48d3193eb43a7839c6847a5b13) Importer(815301076,1909f56bfc062723c751e8b465ee728b)
Start importing Assets/UnityChan/Animations/unitychan_WAIT03.fbx using Guid(f98ead48d3193eb43a7839c6847a5b13) Importer(815301076,1909f56bfc062723c751e8b465ee728b)  -> (artifact id: 'b583579ad052bcad8746d0771596fecc') in 0.044148 seconds
Number of updated asset objects reloaded before import = 0
Number of asset objects unloaded after import = 325
========================================================================
Received Import Request.
  Time since last request: 0.000020 seconds.
  path: Assets/UnityChan/Animations/unitychan_WAIT00.fbx
  artifactKey: Guid(0147e212f97e3d449a4b9e4f5d057180) Importer(815301076,1909f56bfc062723c751e8b465ee728b)
Start importing Assets/UnityChan/Animations/unitychan_WAIT00.fbx using Guid(0147e212f97e3d449a4b9e4f5d057180) Importer(815301076,1909f56bfc062723c751e8b465ee728b)  -> (artifact id: '2ab1a51ad01c3d27fd96aad5aa68552d') in 0.042628 seconds
Number of updated asset objects reloaded before import = 0
Number of asset objects unloaded after import = 325
========================================================================
Received Import Request.
  Time since last request: 0.000016 seconds.
  path: Assets/UnityChan/Animations/unitychan_UMATOBI00.fbx
  artifactKey: Guid(8bf916c92a6742d4ea62fd210c3fd0e6) Importer(815301076,1909f56bfc062723c751e8b465ee728b)
Start importing Assets/UnityChan/Animations/unitychan_UMATOBI00.fbx using Guid(8bf916c92a6742d4ea62fd210c3fd0e6) Importer(815301076,1909f56bfc062723c751e8b465ee728b)  -> (artifact id: '5ba5e9d01da71e55f739d8bd1a786d5f') in 0.040911 seconds
Number of updated asset objects reloaded before import = 0
Number of asset objects unloaded after import = 325
========================================================================
Received Import Request.
  Time since last request: 0.000019 seconds.
  path: Assets/UnityChan/Animations/unitychan_WALK00_F.fbx
  artifactKey: Guid(e52be2fa48716194ea1d9d76686005f8) Importer(815301076,1909f56bfc062723c751e8b465ee728b)
Start importing Assets/UnityChan/Animations/unitychan_WALK00_F.fbx using Guid(e52be2fa48716194ea1d9d76686005f8) Importer(815301076,1909f56bfc062723c751e8b465ee728b)  -> (artifact id: '5be6714f1dbdc278bab70b9b525ca0a0') in 0.041724 seconds
Number of updated asset objects reloaded before import = 0
Number of asset objects unloaded after import = 325
========================================================================
Received Import Request.
  Time since last request: 0.000025 seconds.
  path: Assets/UnityChan/Animations/unitychan_JUMP00B.fbx
  artifactKey: Guid(d6fd0c7048894427c8663615237d6a77) Importer(815301076,1909f56bfc062723c751e8b465ee728b)
Start importing Assets/UnityChan/Animations/unitychan_JUMP00B.fbx using Guid(d6fd0c7048894427c8663615237d6a77) Importer(815301076,1909f56bfc062723c751e8b465ee728b)  -> (artifact id: 'ab728a741e68227ad393795f510e2c5f') in 0.044120 seconds
Number of updated asset objects reloaded before import = 0
Number of asset objects unloaded after import = 325
========================================================================
Received Import Request.
  Time since last request: 0.000016 seconds.
  path: Assets/UnityChan/Animations/unitychan_WAIT02.fbx
  artifactKey: Guid(e54e2e1fa0a994b389fe0654511fac47) Importer(815301076,1909f56bfc062723c751e8b465ee728b)
Start importing Assets/UnityChan/Animations/unitychan_WAIT02.fbx using Guid(e54e2e1fa0a994b389fe0654511fac47) Importer(815301076,1909f56bfc062723c751e8b465ee728b)  -> (artifact id: 'd2ee14f55f3f5271f4d09ea3ee43d0bc') in 0.048386 seconds
Number of updated asset objects reloaded before import = 0
Number of asset objects unloaded after import = 325
========================================================================
Received Import Request.
  Time since last request: 0.000015 seconds.
  path: Assets/UnityChan/Animations/unitychan_RUN00_F.fbx
  artifactKey: Guid(26055e26f15260e4e8e0e51f50c41926) Importer(815301076,1909f56bfc062723c751e8b465ee728b)
Start importing Assets/UnityChan/Animations/unitychan_RUN00_F.fbx using Guid(26055e26f15260e4e8e0e51f50c41926) Importer(815301076,1909f56bfc062723c751e8b465ee728b)  -> (artifact id: 'bf0db6f51d5153cd0f270b29883ffd92') in 0.043622 seconds
Number of updated asset objects reloaded before import = 0
Number of asset objects unloaded after import = 325
========================================================================
Received Import Request.
  Time since last request: 0.000015 seconds.
  path: Assets/UnityChan/Animations/unitychan_SLIDE00.fbx
  artifactKey: Guid(a3657ebe445392e44a81a7b112b9cf0c) Importer(815301076,1909f56bfc062723c751e8b465ee728b)
Start importing Assets/UnityChan/Animations/unitychan_SLIDE00.fbx using Guid(a3657ebe445392e44a81a7b112b9cf0c) Importer(815301076,1909f56bfc062723c751e8b465ee728b)  -> (artifact id: '056813f0bd4b521548f8405d2e4328fb') in 0.044710 seconds
Number of updated asset objects reloaded before import = 0
Number of asset objects unloaded after import = 325
Editor requested this worker to shutdown with reason: Scaling down because of idle timeout
TcpMessagingSession - receive error: operation aborted. errorcode: 995, details: 스레드 종료 또는 응용 프로그램 요청 때문에 I/O 작업이 취소되었습니다.
AssetImportWorker is now disconnected from the server
Process exiting
Exiting without the bug reporter. Application will terminate with return code 0